<?xml version="1.0" encoding="UTF-8"?>
<testsuite xmlns:xsi="http://www.w3.org/2001/XMLSchema-instance" xsi:noNamespaceSchemaLocation="https://maven.apache.org/surefire/maven-surefire-plugin/xsd/surefire-test-report.xsd" name="KenoGameTest" time="0.05" tests="25" errors="0" skipped="0" failures="0">
  <properties>
[...]
</properties>
  <testcase name="testAutoPick" classname="KenoGameTest" time="0.019"/>
  <testcase name="testIsComplete" classname="KenoGameTest" time="0.001"/>
  <testcase name="testCalculateWinningsWithoutBet" classname="KenoGameTest" time="0.002"/>
  <testcase name="testSetAndGetBet" classname="KenoGameTest" time="0"/>
  <testcase name="testCalculateWinnings10Spots" classname="KenoGameTest" time="0"/>
  <testcase name="testGenerateDrawing" classname="KenoGameTest" time="0.001"/>
  <testcase name="testResetGame" classname="KenoGameTest" time="0.001"/>
  <testcase name="testAddingMoreThanNumSpotsFails" classname="KenoGameTest" time="0.001"/>
  <testcase name="testCalculateWinnings1Spot" classname="KenoGameTest" time="0.001"/>
  <testcase name="testTotalWinningsAfterMultipleBets" classname="KenoGameTest" time="0"/>
  <testcase name="testMatchesAllPlayerNumbers" classname="KenoGameTest" time="0.001"/>
  <testcase name="testRemoveNumber" classname="KenoGameTest" time="0"/>
  <testcase name="testResetBet" classname="KenoGameTest" time="0"/>
  <testcase name="testAddNumber" classname="KenoGameTest" time="0.001"/>
  <testcase name="testTotalWinningsAccumulation" classname="KenoGameTest" time="0.001"/>
  <testcase name="testAddRemoveMultipleNumbers" classname="KenoGameTest" time="0.001"/>
  <testcase name="testMatchesEmptyDraw" classname="KenoGameTest" time="0"/>
  <testcase name="testMatchesNoPlayerNumbers" classname="KenoGameTest" time="0"/>
  <testcase name="testGetMatches" classname="KenoGameTest" time="0.001"/>
  <testcase name="testResetBetAfterAutoPick" classname="KenoGameTest" time="0"/>
  <testcase name="testGenerateDrawingIsRandom" classname="KenoGameTest" time="0.001"/>
  <testcase name="testNoDuplicatesInAutoPick" classname="KenoGameTest" time="0"/>
  <testcase name="testCalculateWinnings4Spots" classname="KenoGameTest" time="0"/>
  <testcase name="testCalculateWinnings8Spots" classname="KenoGameTest" time="0"/>
  <testcase name="testSetBetNull" classname="KenoGameTest" time="0.001"/>
</testsuite>